0 info it worked if it ends with ok
1 verbose cli [ '/Users/hsbacot/.nvm/versions/node/v7.4.0/bin/node',
1 verbose cli   '/Users/hsbacot/.nvm/versions/node/v7.4.0/bin/npm',
1 verbose cli   'run',
1 verbose cli   'test' ]
2 info using npm@4.0.5
3 info using node@v7.4.0
4 verbose run-script [ 'pretest', 'test', 'posttest' ]
5 info lifecycle nyc-pizza-reviews@~pretest: nyc-pizza-reviews@
6 silly lifecycle nyc-pizza-reviews@~pretest: no script for pretest, continuing
7 info lifecycle nyc-pizza-reviews@~test: nyc-pizza-reviews@
8 verbose lifecycle nyc-pizza-reviews@~test: unsafe-perm in lifecycle true
9 verbose lifecycle nyc-pizza-reviews@~test: PATH: /Users/hsbacot/.nvm/versions/node/v7.4.0/lib/node_modules/npm/bin/node-gyp-bin:/Users/hsbacot/dev/nyc-pizza-reviews/node_modules/.bin:/Users/hsbacot/.rvm/gems/ruby-2.4.1/bin:/Users/hsbacot/.rvm/gems/ruby-2.4.1@global/bin:/Users/hsbacot/.rvm/rubies/ruby-2.4.1/bin:/Users/hsbacot/.nvm/versions/node/v7.4.0/bin:/usr/bin:/bin:/usr/sbin:/sbin:/usr/local/bin:/usr/local/go/bin:/Users/hsbacot/.rvm/gems/ruby-2.4.1/bin:/Users/hsbacot/.rvm/gems/ruby-2.4.1@global/bin:/Users/hsbacot/.rvm/rubies/ruby-2.4.1/bin:/Users/hsbacot/.rvm/bin:/Users/hsbacot/.rvm/bin
10 verbose lifecycle nyc-pizza-reviews@~test: CWD: /Users/hsbacot/dev/nyc-pizza-reviews
11 silly lifecycle nyc-pizza-reviews@~test: Args: [ '-c', 'jest' ]
12 silly lifecycle nyc-pizza-reviews@~test: Returned: code: 1  signal: null
13 info lifecycle nyc-pizza-reviews@~test: Failed to exec test script
14 verbose stack Error: nyc-pizza-reviews@ test: `jest`
14 verbose stack Exit status 1
14 verbose stack     at EventEmitter.<anonymous> (/Users/hsbacot/.nvm/versions/node/v7.4.0/lib/node_modules/npm/lib/utils/lifecycle.js:279:16)
14 verbose stack     at emitTwo (events.js:106:13)
14 verbose stack     at EventEmitter.emit (events.js:191:7)
14 verbose stack     at ChildProcess.<anonymous> (/Users/hsbacot/.nvm/versions/node/v7.4.0/lib/node_modules/npm/lib/utils/spawn.js:40:14)
14 verbose stack     at emitTwo (events.js:106:13)
14 verbose stack     at ChildProcess.emit (events.js:191:7)
14 verbose stack     at maybeClose (internal/child_process.js:885:16)
14 verbose stack     at Process.ChildProcess._handle.onexit (internal/child_process.js:226:5)
15 verbose pkgid nyc-pizza-reviews@
16 verbose cwd /Users/hsbacot/dev/nyc-pizza-reviews
17 error Darwin 16.0.0
18 error argv "/Users/hsbacot/.nvm/versions/node/v7.4.0/bin/node" "/Users/hsbacot/.nvm/versions/node/v7.4.0/bin/npm" "run" "test"
19 error node v7.4.0
20 error npm  v4.0.5
21 error code ELIFECYCLE
22 error nyc-pizza-reviews@ test: `jest`
22 error Exit status 1
23 error Failed at the nyc-pizza-reviews@ test script 'jest'.
23 error Make sure you have the latest version of node.js and npm installed.
23 error If you do, this is most likely a problem with the nyc-pizza-reviews package,
23 error not with npm itself.
23 error Tell the author that this fails on your system:
23 error     jest
23 error You can get information on how to open an issue for this project with:
23 error     npm bugs nyc-pizza-reviews
23 error Or if that isn't available, you can get their info via:
23 error     npm owner ls nyc-pizza-reviews
23 error There is likely additional logging output above.
24 verbose exit [ 1, true ]
